0 info it worked if it ends with ok
1 verbose cli [ '/usr/bin/node', '/usr/bin/npm', 'start' ]
2 info using npm@3.5.2
3 info using node@v8.10.0
4 verbose run-script [ 'prestart', 'start', 'poststart' ]
5 info lifecycle telemetry@0.1.0~prestart: telemetry@0.1.0
6 verbose lifecycle telemetry@0.1.0~prestart: unsafe-perm in lifecycle true
7 verbose lifecycle telemetry@0.1.0~prestart: PATH: /usr/share/npm/bin/node-gyp-bin:/home/mauro/Projects/GIT/License Software/api-rest-es6-express/node_modules/.bin:/home/mauro/.sdkman/candidates/gradle/current/bin:/usr/local/sbin:/usr/local/bin:/usr/sbin:/usr/bin:/sbin:/bin:/usr/games:/usr/local/games:/snap/bin:/usr/lib/jvm/java-8-oracle/bin:/usr/lib/jvm/java-8-oracle/db/bin:/usr/lib/jvm/java-8-oracle/jre/bin:/home/mauro/Android/tools:/home/mauro/Android/platform-tools:/usr/lib/jvm/java-8-oracle/bin:/usr/lib/jvm/java-8-oracle/db/bin:/usr/lib/jvm/java-8-oracle/jre/bin:/home/mauro/Android/Sdk/tools:/home/mauro/Android/Sdk/platform-tool:/home/mauro/Android/tools:/home/mauro/Android/platform-tools
8 verbose lifecycle telemetry@0.1.0~prestart: CWD: /home/mauro/Projects/GIT/License Software/api-rest-es6-express
9 silly lifecycle telemetry@0.1.0~prestart: Args: [ '-c', 'npm run -s build' ]
10 silly lifecycle telemetry@0.1.0~prestart: Returned: code: 0  signal: null
11 info lifecycle telemetry@0.1.0~start: telemetry@0.1.0
12 verbose lifecycle telemetry@0.1.0~start: unsafe-perm in lifecycle true
13 verbose lifecycle telemetry@0.1.0~start: PATH: /usr/share/npm/bin/node-gyp-bin:/home/mauro/Projects/GIT/License Software/api-rest-es6-express/node_modules/.bin:/home/mauro/.sdkman/candidates/gradle/current/bin:/usr/local/sbin:/usr/local/bin:/usr/sbin:/usr/bin:/sbin:/bin:/usr/games:/usr/local/games:/snap/bin:/usr/lib/jvm/java-8-oracle/bin:/usr/lib/jvm/java-8-oracle/db/bin:/usr/lib/jvm/java-8-oracle/jre/bin:/home/mauro/Android/tools:/home/mauro/Android/platform-tools:/usr/lib/jvm/java-8-oracle/bin:/usr/lib/jvm/java-8-oracle/db/bin:/usr/lib/jvm/java-8-oracle/jre/bin:/home/mauro/Android/Sdk/tools:/home/mauro/Android/Sdk/platform-tool:/home/mauro/Android/tools:/home/mauro/Android/platform-tools
14 verbose lifecycle telemetry@0.1.0~start: CWD: /home/mauro/Projects/GIT/License Software/api-rest-es6-express
15 silly lifecycle telemetry@0.1.0~start: Args: [ '-c', 'node dist' ]
16 silly lifecycle telemetry@0.1.0~start: Returned: code: 1  signal: null
17 info lifecycle telemetry@0.1.0~start: Failed to exec start script
18 verbose stack Error: telemetry@0.1.0 start: `node dist`
18 verbose stack Exit status 1
18 verbose stack     at EventEmitter.<anonymous> (/usr/share/npm/lib/utils/lifecycle.js:232:16)
18 verbose stack     at emitTwo (events.js:126:13)
18 verbose stack     at EventEmitter.emit (events.js:214:7)
18 verbose stack     at ChildProcess.<anonymous> (/usr/share/npm/lib/utils/spawn.js:24:14)
18 verbose stack     at emitTwo (events.js:126:13)
18 verbose stack     at ChildProcess.emit (events.js:214:7)
18 verbose stack     at maybeClose (internal/child_process.js:925:16)
18 verbose stack     at Process.ChildProcess._handle.onexit (internal/child_process.js:209:5)
19 verbose pkgid telemetry@0.1.0
20 verbose cwd /home/mauro/Projects/GIT/License Software/api-rest-es6-express/src
21 error Linux 4.15.0-23-generic
22 error argv "/usr/bin/node" "/usr/bin/npm" "start"
23 error node v8.10.0
24 error npm  v3.5.2
25 error code ELIFECYCLE
26 error telemetry@0.1.0 start: `node dist`
26 error Exit status 1
27 error Failed at the telemetry@0.1.0 start script 'node dist'.
27 error Make sure you have the latest version of node.js and npm installed.
27 error If you do, this is most likely a problem with the telemetry package,
27 error not with npm itself.
27 error Tell the author that this fails on your system:
27 error     node dist
27 error You can get information on how to open an issue for this project with:
27 error     npm bugs telemetry
27 error Or if that isn't available, you can get their info via:
27 error     npm owner ls telemetry
27 error There is likely additional logging output above.
28 verbose exit [ 1, true ]
